-------------------------------------------------------------------------------
      name:  reffadjustsim
       log:  /Users/tom/Documents/GitHub/reffadjust/cscripts/reffadjustsim.log
  log type:  text
 opened on:   6 Sep 2023, 15:05:25
- do `dofile'
= do reffadjustsim

. * 2023-01-25 reffadjustsim cscript
. 
. cscript reffadjustsim adofiles reffadjustsim
    --------------------------------------------------------- begin cscript ---
    - version 9
    - set linesize 79
    - while !("`1'" == "adofile" | "`1'"=="adofiles" | "`1'"=="") {
    = while !("reffadjustsim" == "adofile" | "reffadjustsim"=="adofiles" | "ref
> fadjustsim"=="") {
    - local stuff `stuff' `1'
    = local stuff  reffadjustsim
    - mac shift
    - }
    - while !("`1'" == "adofile" | "`1'"=="adofiles" | "`1'"=="") {
    = while !("adofiles" == "adofile" | "adofiles"=="adofiles" | "adofiles"==""
> ) {
      local stuff `stuff' `1'
      mac shift
      }
    - local dup = 79-6-length("`stuff'")
    = local dup = 79-6-length("reffadjustsim")
    - di in smcl in gr "{hline `dup'}" `"BEGIN `stuff'"'
    = di in smcl in gr "{hline 60}" `"BEGIN reffadjustsim"'
------------------------------------------------------------BEGIN reffadjustsim
    - mac shift
    - while "`1'" != "" {
    = while "reffadjustsim" != "" {
    - di

    - di "-> which `1', usesysdir"
    = di "-> which reffadjustsim, usesysdir"
-> which reffadjustsim, usesysdir
    - which `1', usesysdir
    = which reffadjustsim, usesysdir
/Users/tom/Documents/GitHub/reffadjust/reffadjustsim.ado
*! version 1.1.0 2sep2013 Tom Palmer & Corrie Macdonald-Wallis
    - mac shift
    - }
    - while "`1'" != "" {
    = while "" != "" {
      di
      di "-> which `1', usesysdir"
      which `1', usesysdir
      mac shift
      }
    - drop _all
    - _label drop _all
    - macro drop _all
    - macro drop S_*
    - program drop _all
    - scalar drop _all
    - matrix drop _all
    - constraint drop _all
    - discard
    - mata: _collect_clear()
    - mata: mata clear
    - java clear
    - frames reset
    - set type float
    - set maxiter 100
    - set scheme s2color8
    - set showbaselevels
    - set showemptycells
    - set showomitted
    - set lstretch
    - set cformat
    - set pformat
    - set sformat
    - set fvwrap 1
    - set fvwrapon word
    - set fvlabel on
    - set collect_style default
    - set collect_label default
    - set table_style table
    - if "$S_FLAVOR"!="Small" {
    = if "Intercooled"!="Small" {
    - qui set matsize 400
    - }
    - qui set max_matdim
    ----------------------------------------------------------- end cscript ---

. 
. about

Stata/MP 17.0 for Mac (Apple Silicon)
Revision 29 Aug 2023
Copyright 1985-2021 StataCorp LLC

Total physical memory: 8.01 GB

Stata license: Unlimited-user 2-core network, expiring 21 Jan 2024
Serial number: 501709378202
  Licensed to: Tom Palmer
               University of Bristol

. 
. // Examples 1 & 2 assume the path to the MLwiN executable is set in global ML
> wiN_path; see runmlwin
. 
. if c(os) == "Windows" global MLwiN_path "C:\\Program Files\\MLwiN v3.07\\mlwi
> n.exe"

. if substr(c(machine_type), 1, 3) == "Mac" global MLwiN_path "/Applications/ML
> wiN/mlnscript"

. 
. if "$MLwiN_path" != "" {
. // Example 1: Two level continuous response model (see page 59 of the MLwiN U
> ser Manual)
. * read in data
. use https://www.bristol.ac.uk/cmm/media/runmlwin/tutorial, clear
. 
. * fit model using MLwiN via runmlwin
. runmlwin normexam cons standlrt, level1(student: cons) level2(school: cons st
> andlrt) batch
    -------------------------------------------------------- begin runmlwin ---
    - if c(stata_version) >= 15 local user user
    - if _caller() >= 12 version 12.0, `user'
    = if _caller() >= 12 version 12.0, user
    - if _caller() <= 9 version 9.0, `user'
    = if _caller() <= 9 version 9.0, user
    - display " "
 
    - if replay() {
      if ("`e(cmd)'" ~= "runmlwin") error 301
      syntax [, Level(cilevel) CFORMAT(string) PFORMAT(string) SFORMAT(string) 
> noHEADer noGRoup noCONTrast noFETable noRETable SD CORrelations OR IRr RRr MO
> de MEdian Zratio *]
      runmlwin_display, level(`level') cformat(`cformat') pformat(`pformat') sf
> ormat(`sformat') `header' `group' `contrast' `fetable' `retable' `sd' `correl
> ations' `or' `irr' `rrr' `mode' `median' `zratio'
      makecns, displaycns
      }
    - else {
    - syntax anything [if] [in], [Level(cilevel) CFORMAT(string) PFORMAT(string
> ) SFORMAT(string) noHEADer noGRoup noCONTrast noFETable noRETable SD CORrelat
> ions OR IRr RRr MOde MEdian Zratio *]
    - timer clear 99
    - timer on 99
    - Estimates `0'
    = Estimates normexam cons standlrt, level1(student: cons) level2(school: co
> ns standlrt) batch
.. invalid name
      if "`e(mcmcnofit)'" == "1" {
      exit
      }
      timer off 99
      quietly timer list
      ereturn scalar time = r(t99)
      timer clear 99
      runmlwin_display, level(`level') cformat(`cformat') pformat(`pformat') sf
> ormat(`sformat') `header' `group' `contrast' `fetable' `retable' `sd' `correl
> ations' `or' `irr' `rrr' `mode' `median' `zratio'
      }
    ---------------------------------------------------------- end runmlwin ---
r(198);
. 
. * report coefficient as median with 2.5 & 97.5 percentiles
. reffadjustsim cons standlrt, eqn(RP2) seed(12345)
. 
. * report coefficient as mean & Wald-type confidence interval
. * Warning: mean and Wald-type confidence are inaccurate in this example
. reffadjustsim cons standlrt, eqn(RP2) seed(12345) waldtype
. 
. * compare with delta-method confidence interval (first refit model)
. runmlwin normexam cons standlrt, level1(student: cons) level2(school: cons st
> andlrt) batch
. reffadjust4nlcom cons standlrt, eqn(RP2)
. nlcom `r(beta_standlrt)'
. 
. * compare with Bayesian posterior distribution
. runmlwin normexam cons standlrt, level1(student: cons) ///
>     level2(school: cons standlrt) batch mcmc(on) initsprevious seed(121211)
. mcmcsum, getchains
. reffadjustsim cons standlrt, eqn(RP2) mcmcsum
. 
. // Example 2: Multivariate response model (see page 214 of the MLwiN User Man
> ual)
. * read in data
. use https://www.bristol.ac.uk/cmm/media/runmlwin/gcsemv1, clear
. 
. * fit model using MLwiN via runmlwin
. runmlwin (written cons female, eq(1)) (csework cons female, eq(2)), ///
>     level1(student: (cons, eq(1)) (cons, eq(2))) ///
>     level2(school: (cons, eq(1)) (cons, eq(2))) batch
. 
. * report coefficient as median with 2.5 and 97.5 percentiles
. reffadjustsim cons_1 cons_2, eqn(RP2) seed(12345)
. 
. * report coefficient as mean with Wald-type confidence interval
. reffadjustsim cons_1 cons_2, eqn(RP2) seed(12345) waldtype
. 
. * compare with delta-method confidence interval (first refit model)
. runmlwin (written cons female, eq(1)) (csework cons female, eq(2)), ///
>     level1(student: (cons, eq(1)) (cons, eq(2))) ///
>     level2(school: (cons, eq(1)) (cons, eq(2))) batch
. reffadjust4nlcom cons_1 cons_2, eqn(RP2)
. nlcom `r(beta_cons_2)'
. 
. * compare with Bayesian posterior distribution
. runmlwin (written cons female, eq(1)) (csework cons female, eq(2)), ///
>     level1(student: (cons, eq(1)) (cons, eq(2))) ///
>     level2(school: (cons, eq(1)) (cons, eq(2))) batch mcmc(on) initsprevious 
> seed(121211)
. mcmcsum, getchains
. reffadjustsim cons_1 cons_2, eqn(RP2) mcmcsum
. }
r(198);

end of do-file
  log close `dofile'
  }
r(198);

end of do-file

r(198);

